2026-01-07 17:36:28 [31merror[39m: Error conectando a MongoDB: Could not connect to any servers in your MongoDB Atlas cluster. One common reason is that you're trying to access the database from an IP that isn't whitelisted. Make sure your current IP address is on your Atlas cluster's IP whitelist: https://www.mongodb.com/docs/atlas/security-whitelist/
2026-01-07 17:37:18 [31merror[39m: Error conectando a MongoDB: Could not connect to any servers in your MongoDB Atlas cluster. One common reason is that you're trying to access the database from an IP that isn't whitelisted. Make sure your current IP address is on your Atlas cluster's IP whitelist: https://www.mongodb.com/docs/atlas/security-whitelist/
2026-01-07 17:45:18 [31merror[39m: Error conectando a MongoDB: Could not connect to any servers in your MongoDB Atlas cluster. One common reason is that you're trying to access the database from an IP that isn't whitelisted. Make sure your current IP address is on your Atlas cluster's IP whitelist: https://www.mongodb.com/docs/atlas/security-whitelist/
2026-01-07 17:46:25 [31merror[39m: Error conectando a MongoDB: Could not connect to any servers in your MongoDB Atlas cluster. One common reason is that you're trying to access the database from an IP that isn't whitelisted. Make sure your current IP address is on your Atlas cluster's IP whitelist: https://www.mongodb.com/docs/atlas/security-whitelist/
2026-01-07 17:49:37 [31merror[39m: Error conectando a MongoDB: Could not connect to any servers in your MongoDB Atlas cluster. One common reason is that you're trying to access the database from an IP that isn't whitelisted. Make sure your current IP address is on your Atlas cluster's IP whitelist: https://www.mongodb.com/docs/atlas/security-whitelist/
2026-01-07 18:21:46 [31merror[39m: Error conectando a MongoDB: Could not connect to any servers in your MongoDB Atlas cluster. One common reason is that you're trying to access the database from an IP that isn't whitelisted. Make sure your current IP address is on your Atlas cluster's IP whitelist: https://www.mongodb.com/docs/atlas/security-whitelist/
2026-01-07 18:27:23 [31merror[39m: Error conectando a MongoDB: Could not connect to any servers in your MongoDB Atlas cluster. One common reason is that you're trying to access the database from an IP that isn't whitelisted. Make sure your current IP address is on your Atlas cluster's IP whitelist: https://www.mongodb.com/docs/atlas/security-whitelist/
2026-01-07 18:28:14 [31merror[39m: Error conectando a MongoDB: Could not connect to any servers in your MongoDB Atlas cluster. One common reason is that you're trying to access the database from an IP that isn't whitelisted. Make sure your current IP address is on your Atlas cluster's IP whitelist: https://www.mongodb.com/docs/atlas/security-whitelist/
2026-01-07 18:28:52 [31merror[39m: Error conectando a MongoDB: Could not connect to any servers in your MongoDB Atlas cluster. One common reason is that you're trying to access the database from an IP that isn't whitelisted. Make sure your current IP address is on your Atlas cluster's IP whitelist: https://www.mongodb.com/docs/atlas/security-whitelist/
2026-01-07 18:30:36 [31merror[39m: Error en register: undefined
2026-01-07 18:30:53 [31merror[39m: Error conectando a MongoDB: Could not connect to any servers in your MongoDB Atlas cluster. One common reason is that you're trying to access the database from an IP that isn't whitelisted. Make sure your current IP address is on your Atlas cluster's IP whitelist: https://www.mongodb.com/docs/atlas/security-whitelist/
2026-01-07 18:31:42 [31merror[39m: Error en register: undefined
2026-01-07 18:32:03 [31merror[39m: Error en register: undefined
2026-01-07 18:32:26 [31merror[39m: Error en register: undefined
2026-01-07 18:32:50 [31merror[39m: Error en register: undefined
2026-01-07 18:33:01 [31merror[39m: Error en register: undefined
2026-01-07 18:33:06 [31merror[39m: Error en register: undefined
2026-01-07 18:33:40 [31merror[39m: Error en register: undefined
2026-01-07 18:34:04 [31merror[39m: Error conectando a MongoDB: Could not connect to any servers in your MongoDB Atlas cluster. One common reason is that you're trying to access the database from an IP that isn't whitelisted. Make sure your current IP address is on your Atlas cluster's IP whitelist: https://www.mongodb.com/docs/atlas/security-whitelist/
2026-01-07 18:35:53 [31merror[39m: Error en register: undefined
2026-01-07 18:36:11 [31merror[39m: Error conectando a MongoDB: Could not connect to any servers in your MongoDB Atlas cluster. One common reason is that you're trying to access the database from an IP that isn't whitelisted. Make sure your current IP address is on your Atlas cluster's IP whitelist: https://www.mongodb.com/docs/atlas/security-whitelist/
2026-01-07 18:38:40 [31merror[39m: Error conectando a MongoDB: Could not connect to any servers in your MongoDB Atlas cluster. One common reason is that you're trying to access the database from an IP that isn't whitelisted. Make sure your current IP address is on your Atlas cluster's IP whitelist: https://www.mongodb.com/docs/atlas/security-whitelist/
2026-01-07 18:39:15 [31merror[39m: Error en register: undefined
2026-01-07 18:39:40 [31merror[39m: Error conectando a MongoDB: Could not connect to any servers in your MongoDB Atlas cluster. One common reason is that you're trying to access the database from an IP that isn't whitelisted. Make sure your current IP address is on your Atlas cluster's IP whitelist: https://www.mongodb.com/docs/atlas/security-whitelist/
2026-01-07 18:43:38 [31merror[39m: Error en registro: Operation `users.findOne()` buffering timed out after 10000ms
2026-01-07 18:43:38 [31merror[39m: Error en register: Operation `users.findOne()` buffering timed out after 10000ms
2026-01-07 18:43:52 [31merror[39m: Error conectando a MongoDB: Could not connect to any servers in your MongoDB Atlas cluster. One common reason is that you're trying to access the database from an IP that isn't whitelisted. Make sure your current IP address is on your Atlas cluster's IP whitelist: https://www.mongodb.com/docs/atlas/security-whitelist/
2026-01-07 18:44:59 [31merror[39m: Error conectando a MongoDB: Could not connect to any servers in your MongoDB Atlas cluster. One common reason is that you're trying to access the database from an IP that isn't whitelisted. Make sure your current IP address is on your Atlas cluster's IP whitelist: https://www.mongodb.com/docs/atlas/security-whitelist/
2026-01-07 18:47:21 [31merror[39m: Error en registro: Operation `users.findOne()` buffering timed out after 10000ms
2026-01-07 18:47:21 [31merror[39m: Error en register: Operation `users.findOne()` buffering timed out after 10000ms
2026-01-07 18:47:38 [31merror[39m: Error conectando a MongoDB: Could not connect to any servers in your MongoDB Atlas cluster. One common reason is that you're trying to access the database from an IP that isn't whitelisted. Make sure your current IP address is on your Atlas cluster's IP whitelist: https://www.mongodb.com/docs/atlas/security-whitelist/
2026-01-07 18:52:13 [31merror[39m: ❌ Error crítico conectando a MongoDB: connect ECONNREFUSED ::1:27017, connect ECONNREFUSED 127.0.0.1:27017
2026-01-07 18:52:58 [31merror[39m: Error en registro: Operation `users.findOne()` buffering timed out after 10000ms
2026-01-07 18:52:58 [31merror[39m: Error en register: Operation `users.findOne()` buffering timed out after 10000ms
2026-01-07 18:53:14 [31merror[39m: Error conectando a MongoDB: Could not connect to any servers in your MongoDB Atlas cluster. One common reason is that you're trying to access the database from an IP that isn't whitelisted. Make sure your current IP address is on your Atlas cluster's IP whitelist: https://www.mongodb.com/docs/atlas/security-whitelist/
2026-01-07 18:54:44 [31merror[39m: Error en registro: Operation `users.findOne()` buffering timed out after 10000ms
2026-01-07 18:54:44 [31merror[39m: Error en register: Operation `users.findOne()` buffering timed out after 10000ms
2026-01-07 18:55:01 [31merror[39m: Error conectando a MongoDB: Could not connect to any servers in your MongoDB Atlas cluster. One common reason is that you're trying to access the database from an IP that isn't whitelisted. Make sure your current IP address is on your Atlas cluster's IP whitelist: https://www.mongodb.com/docs/atlas/security-whitelist/
2026-01-07 19:04:15 [31merror[39m: Error en registro: next is not a function
2026-01-07 19:04:15 [31merror[39m: Error en register: next is not a function
2026-01-07 19:05:48 [31merror[39m: Error en registro: next is not a function
2026-01-07 19:05:48 [31merror[39m: Error en register: next is not a function
2026-01-07 19:30:12 [31merror[39m: Error en registro: next is not a function
2026-01-07 19:30:12 [31merror[39m: Error en register: next is not a function
2026-01-07 19:32:26 [31merror[39m: Error en registro: next is not a function
2026-01-07 19:32:26 [31merror[39m: Error en register: next is not a function
2026-01-07 19:34:51 [31merror[39m: Error en registro: next is not a function
2026-01-07 19:34:51 [31merror[39m: Error en register: next is not a function
2026-01-07 19:42:30 [31merror[39m: Error en registro: next is not a function
2026-01-07 19:42:30 [31merror[39m: Error en registro: next is not a function
2026-01-07 19:45:02 [31merror[39m: Error en register: undefined
2026-01-07 19:46:05 [31merror[39m: Error en register: undefined
2026-01-07 19:46:25 [31merror[39m: Error en register: undefined
2026-01-07 19:46:33 [31merror[39m: Error en register: undefined
2026-01-07 19:46:56 [31merror[39m: Error en register: undefined
2026-01-07 19:46:58 [31merror[39m: Error en register: undefined
2026-01-08 12:13:10 [31merror[39m: Error en registro: next is not a function
2026-01-08 12:13:10 [31merror[39m: Error en register: next is not a function
2026-01-08 12:14:54 [31merror[39m: Error en registro: next is not a function
2026-01-08 12:14:54 [31merror[39m: Error en register: next is not a function
2026-01-08 12:18:16 [31merror[39m: Error en registro: next is not a function
2026-01-08 12:18:16 [31merror[39m: Error en register: next is not a function
2026-01-08 12:19:40 [31merror[39m: Error en registro: next is not a function
2026-01-08 12:19:40 [31merror[39m: Error en register: next is not a function
2026-01-08 12:32:26 [31merror[39m: Error en registro: next is not a function
2026-01-08 12:32:26 [31merror[39m: Error en register: next is not a function
2026-01-08 12:35:02 [31merror[39m: Error en registro: next is not a function
2026-01-08 12:35:02 [31merror[39m: Error en register: next is not a function
2026-01-08 12:35:02 [31merror[39m: TypeError: next is not a function
    at model.<anonymous> (C:\Users\juan.acevedo\Finaktiva\Study\Back\backend-xper\src\entities\User.ts:51:5)
    at Kareem.execPre (C:\Users\juan.acevedo\Finaktiva\Study\Back\backend-xper\node_modules\kareem\index.js:65:24)
    at model.$__save (C:\Users\juan.acevedo\Finaktiva\Study\Back\backend-xper\node_modules\mongoose\lib\model.js:369:5)
    at model.save (C:\Users\juan.acevedo\Finaktiva\Study\Back\backend-xper\node_modules\mongoose\lib\model.js:609:5)
    at AuthService.register (C:\Users\juan.acevedo\Finaktiva\Study\Back\backend-xper\src\services\AuthService.ts:89:7)
    at UserController.register (C:\Users\juan.acevedo\Finaktiva\Study\Back\backend-xper\src\controllers\UserController.ts:51:22)
2026-01-08 12:36:39 [31merror[39m: Error en registro: next is not a function
2026-01-08 12:36:39 [31merror[39m: Error en register: next is not a function
2026-01-08 12:36:39 [31merror[39m: TypeError: next is not a function
    at model.<anonymous> (C:\Users\juan.acevedo\Finaktiva\Study\Back\backend-xper\src\entities\User.ts:53:12)
    at Kareem.execPre (C:\Users\juan.acevedo\Finaktiva\Study\Back\backend-xper\node_modules\kareem\index.js:65:24)
    at model.$__save (C:\Users\juan.acevedo\Finaktiva\Study\Back\backend-xper\node_modules\mongoose\lib\model.js:369:5)
    at model.save (C:\Users\juan.acevedo\Finaktiva\Study\Back\backend-xper\node_modules\mongoose\lib\model.js:609:5)
    at AuthService.register (C:\Users\juan.acevedo\Finaktiva\Study\Back\backend-xper\src\services\AuthService.ts:89:7)
    at UserController.register (C:\Users\juan.acevedo\Finaktiva\Study\Back\backend-xper\src\controllers\UserController.ts:51:22)
2026-01-08 14:44:25 [31merror[39m: Error en login: Credenciales inválidas
2026-01-08 14:44:25 [31merror[39m: Error en login: Credenciales inválidas
2026-01-08 15:19:49 [31merror[39m: Error en login: undefined
2026-01-08 15:22:32 [31merror[39m: Error en login: undefined
2026-01-08 15:23:04 [31merror[39m: Error en login: undefined
2026-01-08 15:28:26 [31merror[39m: Error en login: Credenciales inválidas
2026-01-08 15:28:26 [31merror[39m: Error en login: Credenciales inválidas
2026-01-08 15:28:28 [31merror[39m: Error en login: Credenciales inválidas
2026-01-08 15:28:28 [31merror[39m: Error en login: Credenciales inválidas
2026-01-08 15:28:29 [31merror[39m: Error en login: Credenciales inválidas
2026-01-08 15:28:29 [31merror[39m: Error en login: Credenciales inválidas
2026-01-08 15:28:30 [31merror[39m: Error en login: Credenciales inválidas
2026-01-08 15:28:30 [31merror[39m: Error en login: Credenciales inválidas
2026-01-08 15:28:30 [31merror[39m: Error en login: Credenciales inválidas
2026-01-08 15:28:30 [31merror[39m: Error en login: Credenciales inválidas
2026-01-08 15:28:31 [31merror[39m: Error en login: Credenciales inválidas
2026-01-08 15:28:31 [31merror[39m: Error en login: Credenciales inválidas
2026-01-08 15:28:31 [31merror[39m: Error en login: Credenciales inválidas
2026-01-08 15:28:31 [31merror[39m: Error en login: Credenciales inválidas
2026-01-08 15:30:11 [31merror[39m: Error en register: undefined
2026-01-08 15:30:44 [31merror[39m: Error en register: undefined
2026-01-08 15:30:45 [31merror[39m: Error en register: undefined
2026-01-08 15:30:45 [31merror[39m: Error en register: undefined
2026-01-08 15:30:45 [31merror[39m: Error en register: undefined
2026-01-08 15:30:46 [31merror[39m: Error en register: undefined
2026-01-08 15:31:16 [31merror[39m: Error en register: undefined
2026-01-08 15:34:18 [31merror[39m: Error obteniendo razas: Request failed with status code 429
2026-01-08 15:34:18 [31merror[39m: Error en getAllBreeds: Error al obtener las razas de gatos desde The Cat API
2026-01-08 15:34:18 [31merror[39m: Error: Error al obtener las razas de gatos desde The Cat API
    at CatService.getAllBreeds (C:\Users\juan.acevedo\Finaktiva\Study\Back\backend-xper\src\services\CatService.ts:27:13)
    at processTicksAndRejections (node:internal/process/task_queues:95:5)
    at CatController.getAllBreeds (C:\Users\juan.acevedo\Finaktiva\Study\Back\backend-xper\src\controllers\CatController.ts:15:22)
